CRITICAL - 2025-11-24 00:49:30 --> ErrorException: Undefined array key "text"
[Method: GET, Route: telegram/messages]
in APPPATH\Controllers\Telegram.php on line 73.
 1 APPPATH\Controllers\Telegram.php(73): CodeIgniter\Debug\Exceptions->errorHandler(2, 'Undefined array key "text"', 'C:\\xampp\\htdocs\\Leapcol\\app\\Controllers\\Telegram.php', 73)
 2 SYSTEMPATH\CodeIgniter.php(933): App\Controllers\Telegram->getMessages()
 3 SYSTEMPATH\CodeIgniter.php(507): CodeIgniter\CodeIgniter->runController(Object(App\Controllers\Telegram))
 4 SYSTEMPATH\CodeIgniter.php(354): CodeIgniter\CodeIgniter->handleRequest(null, Object(Config\Cache), false)
 5 SYSTEMPATH\Boot.php(363): CodeIgniter\CodeIgniter->run()
 6 SYSTEMPATH\Boot.php(68): CodeIgniter\Boot::runCodeIgniter(Object(CodeIgniter\CodeIgniter))
 7 FCPATH\index.php(59): CodeIgniter\Boot::bootWeb(Object(Config\Paths))
CRITICAL - 2025-11-24 00:49:33 --> ErrorException: Undefined array key "text"
[Method: GET, Route: telegram/messages]
in APPPATH\Controllers\Telegram.php on line 73.
 1 APPPATH\Controllers\Telegram.php(73): CodeIgniter\Debug\Exceptions->errorHandler(2, 'Undefined array key "text"', 'C:\\xampp\\htdocs\\Leapcol\\app\\Controllers\\Telegram.php', 73)
 2 SYSTEMPATH\CodeIgniter.php(933): App\Controllers\Telegram->getMessages()
 3 SYSTEMPATH\CodeIgniter.php(507): CodeIgniter\CodeIgniter->runController(Object(App\Controllers\Telegram))
 4 SYSTEMPATH\CodeIgniter.php(354): CodeIgniter\CodeIgniter->handleRequest(null, Object(Config\Cache), false)
 5 SYSTEMPATH\Boot.php(363): CodeIgniter\CodeIgniter->run()
 6 SYSTEMPATH\Boot.php(68): CodeIgniter\Boot::runCodeIgniter(Object(CodeIgniter\CodeIgniter))
 7 FCPATH\index.php(59): CodeIgniter\Boot::bootWeb(Object(Config\Paths))
CRITICAL - 2025-11-24 00:49:36 --> ErrorException: Undefined array key "text"
[Method: GET, Route: telegram/messages]
in APPPATH\Controllers\Telegram.php on line 73.
 1 APPPATH\Controllers\Telegram.php(73): CodeIgniter\Debug\Exceptions->errorHandler(2, 'Undefined array key "text"', 'C:\\xampp\\htdocs\\Leapcol\\app\\Controllers\\Telegram.php', 73)
 2 SYSTEMPATH\CodeIgniter.php(933): App\Controllers\Telegram->getMessages()
 3 SYSTEMPATH\CodeIgniter.php(507): CodeIgniter\CodeIgniter->runController(Object(App\Controllers\Telegram))
 4 SYSTEMPATH\CodeIgniter.php(354): CodeIgniter\CodeIgniter->handleRequest(null, Object(Config\Cache), false)
 5 SYSTEMPATH\Boot.php(363): CodeIgniter\CodeIgniter->run()
 6 SYSTEMPATH\Boot.php(68): CodeIgniter\Boot::runCodeIgniter(Object(CodeIgniter\CodeIgniter))
 7 FCPATH\index.php(59): CodeIgniter\Boot::bootWeb(Object(Config\Paths))
CRITICAL - 2025-11-24 00:49:39 --> ErrorException: Undefined array key "text"
[Method: GET, Route: telegram/messages]
in APPPATH\Controllers\Telegram.php on line 73.
 1 APPPATH\Controllers\Telegram.php(73): CodeIgniter\Debug\Exceptions->errorHandler(2, 'Undefined array key "text"', 'C:\\xampp\\htdocs\\Leapcol\\app\\Controllers\\Telegram.php', 73)
 2 SYSTEMPATH\CodeIgniter.php(933): App\Controllers\Telegram->getMessages()
 3 SYSTEMPATH\CodeIgniter.php(507): CodeIgniter\CodeIgniter->runController(Object(App\Controllers\Telegram))
 4 SYSTEMPATH\CodeIgniter.php(354): CodeIgniter\CodeIgniter->handleRequest(null, Object(Config\Cache), false)
 5 SYSTEMPATH\Boot.php(363): CodeIgniter\CodeIgniter->run()
 6 SYSTEMPATH\Boot.php(68): CodeIgniter\Boot::runCodeIgniter(Object(CodeIgniter\CodeIgniter))
 7 FCPATH\index.php(59): CodeIgniter\Boot::bootWeb(Object(Config\Paths))
CRITICAL - 2025-11-24 00:49:45 --> ErrorException: Undefined array key "text"
[Method: GET, Route: telegram/messages]
in APPPATH\Controllers\Telegram.php on line 73.
 1 APPPATH\Controllers\Telegram.php(73): CodeIgniter\Debug\Exceptions->errorHandler(2, 'Undefined array key "text"', 'C:\\xampp\\htdocs\\Leapcol\\app\\Controllers\\Telegram.php', 73)
 2 SYSTEMPATH\CodeIgniter.php(933): App\Controllers\Telegram->getMessages()
 3 SYSTEMPATH\CodeIgniter.php(507): CodeIgniter\CodeIgniter->runController(Object(App\Controllers\Telegram))
 4 SYSTEMPATH\CodeIgniter.php(354): CodeIgniter\CodeIgniter->handleRequest(null, Object(Config\Cache), false)
 5 SYSTEMPATH\Boot.php(363): CodeIgniter\CodeIgniter->run()
 6 SYSTEMPATH\Boot.php(68): CodeIgniter\Boot::runCodeIgniter(Object(CodeIgniter\CodeIgniter))
 7 FCPATH\index.php(59): CodeIgniter\Boot::bootWeb(Object(Config\Paths))
CRITICAL - 2025-11-24 00:49:49 --> ErrorException: Undefined array key "text"
[Method: GET, Route: telegram/messages]
in APPPATH\Controllers\Telegram.php on line 73.
 1 APPPATH\Controllers\Telegram.php(73): CodeIgniter\Debug\Exceptions->errorHandler(2, 'Undefined array key "text"', 'C:\\xampp\\htdocs\\Leapcol\\app\\Controllers\\Telegram.php', 73)
 2 SYSTEMPATH\CodeIgniter.php(933): App\Controllers\Telegram->getMessages()
 3 SYSTEMPATH\CodeIgniter.php(507): CodeIgniter\CodeIgniter->runController(Object(App\Controllers\Telegram))
 4 SYSTEMPATH\CodeIgniter.php(354): CodeIgniter\CodeIgniter->handleRequest(null, Object(Config\Cache), false)
 5 SYSTEMPATH\Boot.php(363): CodeIgniter\CodeIgniter->run()
 6 SYSTEMPATH\Boot.php(68): CodeIgniter\Boot::runCodeIgniter(Object(CodeIgniter\CodeIgniter))
 7 FCPATH\index.php(59): CodeIgniter\Boot::bootWeb(Object(Config\Paths))
CRITICAL - 2025-11-24 00:49:52 --> ErrorException: Undefined array key "text"
[Method: GET, Route: telegram/messages]
in APPPATH\Controllers\Telegram.php on line 73.
 1 APPPATH\Controllers\Telegram.php(73): CodeIgniter\Debug\Exceptions->errorHandler(2, 'Undefined array key "text"', 'C:\\xampp\\htdocs\\Leapcol\\app\\Controllers\\Telegram.php', 73)
 2 SYSTEMPATH\CodeIgniter.php(933): App\Controllers\Telegram->getMessages()
 3 SYSTEMPATH\CodeIgniter.php(507): CodeIgniter\CodeIgniter->runController(Object(App\Controllers\Telegram))
 4 SYSTEMPATH\CodeIgniter.php(354): CodeIgniter\CodeIgniter->handleRequest(null, Object(Config\Cache), false)
 5 SYSTEMPATH\Boot.php(363): CodeIgniter\CodeIgniter->run()
 6 SYSTEMPATH\Boot.php(68): CodeIgniter\Boot::runCodeIgniter(Object(CodeIgniter\CodeIgniter))
 7 FCPATH\index.php(59): CodeIgniter\Boot::bootWeb(Object(Config\Paths))
CRITICAL - 2025-11-24 00:49:55 --> ErrorException: Undefined array key "text"
[Method: GET, Route: telegram/messages]
in APPPATH\Controllers\Telegram.php on line 73.
 1 APPPATH\Controllers\Telegram.php(73): CodeIgniter\Debug\Exceptions->errorHandler(2, 'Undefined array key "text"', 'C:\\xampp\\htdocs\\Leapcol\\app\\Controllers\\Telegram.php', 73)
 2 SYSTEMPATH\CodeIgniter.php(933): App\Controllers\Telegram->getMessages()
 3 SYSTEMPATH\CodeIgniter.php(507): CodeIgniter\CodeIgniter->runController(Object(App\Controllers\Telegram))
 4 SYSTEMPATH\CodeIgniter.php(354): CodeIgniter\CodeIgniter->handleRequest(null, Object(Config\Cache), false)
 5 SYSTEMPATH\Boot.php(363): CodeIgniter\CodeIgniter->run()
 6 SYSTEMPATH\Boot.php(68): CodeIgniter\Boot::runCodeIgniter(Object(CodeIgniter\CodeIgniter))
 7 FCPATH\index.php(59): CodeIgniter\Boot::bootWeb(Object(Config\Paths))
CRITICAL - 2025-11-24 00:49:58 --> ErrorException: Undefined array key "text"
[Method: GET, Route: telegram/messages]
in APPPATH\Controllers\Telegram.php on line 73.
 1 APPPATH\Controllers\Telegram.php(73): CodeIgniter\Debug\Exceptions->errorHandler(2, 'Undefined array key "text"', 'C:\\xampp\\htdocs\\Leapcol\\app\\Controllers\\Telegram.php', 73)
 2 SYSTEMPATH\CodeIgniter.php(933): App\Controllers\Telegram->getMessages()
 3 SYSTEMPATH\CodeIgniter.php(507): CodeIgniter\CodeIgniter->runController(Object(App\Controllers\Telegram))
 4 SYSTEMPATH\CodeIgniter.php(354): CodeIgniter\CodeIgniter->handleRequest(null, Object(Config\Cache), false)
 5 SYSTEMPATH\Boot.php(363): CodeIgniter\CodeIgniter->run()
 6 SYSTEMPATH\Boot.php(68): CodeIgniter\Boot::runCodeIgniter(Object(CodeIgniter\CodeIgniter))
 7 FCPATH\index.php(59): CodeIgniter\Boot::bootWeb(Object(Config\Paths))
CRITICAL - 2025-11-24 00:50:01 --> ErrorException: Undefined array key "text"
[Method: GET, Route: telegram/messages]
in APPPATH\Controllers\Telegram.php on line 73.
 1 APPPATH\Controllers\Telegram.php(73): CodeIgniter\Debug\Exceptions->errorHandler(2, 'Undefined array key "text"', 'C:\\xampp\\htdocs\\Leapcol\\app\\Controllers\\Telegram.php', 73)
 2 SYSTEMPATH\CodeIgniter.php(933): App\Controllers\Telegram->getMessages()
 3 SYSTEMPATH\CodeIgniter.php(507): CodeIgniter\CodeIgniter->runController(Object(App\Controllers\Telegram))
 4 SYSTEMPATH\CodeIgniter.php(354): CodeIgniter\CodeIgniter->handleRequest(null, Object(Config\Cache), false)
 5 SYSTEMPATH\Boot.php(363): CodeIgniter\CodeIgniter->run()
 6 SYSTEMPATH\Boot.php(68): CodeIgniter\Boot::runCodeIgniter(Object(CodeIgniter\CodeIgniter))
 7 FCPATH\index.php(59): CodeIgniter\Boot::bootWeb(Object(Config\Paths))
CRITICAL - 2025-11-24 00:50:04 --> ErrorException: Undefined array key "text"
[Method: GET, Route: telegram/messages]
in APPPATH\Controllers\Telegram.php on line 73.
 1 APPPATH\Controllers\Telegram.php(73): CodeIgniter\Debug\Exceptions->errorHandler(2, 'Undefined array key "text"', 'C:\\xampp\\htdocs\\Leapcol\\app\\Controllers\\Telegram.php', 73)
 2 SYSTEMPATH\CodeIgniter.php(933): App\Controllers\Telegram->getMessages()
 3 SYSTEMPATH\CodeIgniter.php(507): CodeIgniter\CodeIgniter->runController(Object(App\Controllers\Telegram))
 4 SYSTEMPATH\CodeIgniter.php(354): CodeIgniter\CodeIgniter->handleRequest(null, Object(Config\Cache), false)
 5 SYSTEMPATH\Boot.php(363): CodeIgniter\CodeIgniter->run()
 6 SYSTEMPATH\Boot.php(68): CodeIgniter\Boot::runCodeIgniter(Object(CodeIgniter\CodeIgniter))
 7 FCPATH\index.php(59): CodeIgniter\Boot::bootWeb(Object(Config\Paths))
CRITICAL - 2025-11-24 00:50:07 --> ErrorException: Undefined array key "text"
[Method: GET, Route: telegram/messages]
in APPPATH\Controllers\Telegram.php on line 73.
 1 APPPATH\Controllers\Telegram.php(73): CodeIgniter\Debug\Exceptions->errorHandler(2, 'Undefined array key "text"', 'C:\\xampp\\htdocs\\Leapcol\\app\\Controllers\\Telegram.php', 73)
 2 SYSTEMPATH\CodeIgniter.php(933): App\Controllers\Telegram->getMessages()
 3 SYSTEMPATH\CodeIgniter.php(507): CodeIgniter\CodeIgniter->runController(Object(App\Controllers\Telegram))
 4 SYSTEMPATH\CodeIgniter.php(354): CodeIgniter\CodeIgniter->handleRequest(null, Object(Config\Cache), false)
 5 SYSTEMPATH\Boot.php(363): CodeIgniter\CodeIgniter->run()
 6 SYSTEMPATH\Boot.php(68): CodeIgniter\Boot::runCodeIgniter(Object(CodeIgniter\CodeIgniter))
 7 FCPATH\index.php(59): CodeIgniter\Boot::bootWeb(Object(Config\Paths))
CRITICAL - 2025-11-24 00:50:10 --> ErrorException: Undefined array key "text"
[Method: GET, Route: telegram/messages]
in APPPATH\Controllers\Telegram.php on line 73.
 1 APPPATH\Controllers\Telegram.php(73): CodeIgniter\Debug\Exceptions->errorHandler(2, 'Undefined array key "text"', 'C:\\xampp\\htdocs\\Leapcol\\app\\Controllers\\Telegram.php', 73)
 2 SYSTEMPATH\CodeIgniter.php(933): App\Controllers\Telegram->getMessages()
 3 SYSTEMPATH\CodeIgniter.php(507): CodeIgniter\CodeIgniter->runController(Object(App\Controllers\Telegram))
 4 SYSTEMPATH\CodeIgniter.php(354): CodeIgniter\CodeIgniter->handleRequest(null, Object(Config\Cache), false)
 5 SYSTEMPATH\Boot.php(363): CodeIgniter\CodeIgniter->run()
 6 SYSTEMPATH\Boot.php(68): CodeIgniter\Boot::runCodeIgniter(Object(CodeIgniter\CodeIgniter))
 7 FCPATH\index.php(59): CodeIgniter\Boot::bootWeb(Object(Config\Paths))
CRITICAL - 2025-11-24 00:50:13 --> ErrorException: Undefined array key "text"
[Method: GET, Route: telegram/messages]
in APPPATH\Controllers\Telegram.php on line 73.
 1 APPPATH\Controllers\Telegram.php(73): CodeIgniter\Debug\Exceptions->errorHandler(2, 'Undefined array key "text"', 'C:\\xampp\\htdocs\\Leapcol\\app\\Controllers\\Telegram.php', 73)
 2 SYSTEMPATH\CodeIgniter.php(933): App\Controllers\Telegram->getMessages()
 3 SYSTEMPATH\CodeIgniter.php(507): CodeIgniter\CodeIgniter->runController(Object(App\Controllers\Telegram))
 4 SYSTEMPATH\CodeIgniter.php(354): CodeIgniter\CodeIgniter->handleRequest(null, Object(Config\Cache), false)
 5 SYSTEMPATH\Boot.php(363): CodeIgniter\CodeIgniter->run()
 6 SYSTEMPATH\Boot.php(68): CodeIgniter\Boot::runCodeIgniter(Object(CodeIgniter\CodeIgniter))
 7 FCPATH\index.php(59): CodeIgniter\Boot::bootWeb(Object(Config\Paths))
CRITICAL - 2025-11-24 00:50:16 --> ErrorException: Undefined array key "text"
[Method: GET, Route: telegram/messages]
in APPPATH\Controllers\Telegram.php on line 73.
 1 APPPATH\Controllers\Telegram.php(73): CodeIgniter\Debug\Exceptions->errorHandler(2, 'Undefined array key "text"', 'C:\\xampp\\htdocs\\Leapcol\\app\\Controllers\\Telegram.php', 73)
 2 SYSTEMPATH\CodeIgniter.php(933): App\Controllers\Telegram->getMessages()
 3 SYSTEMPATH\CodeIgniter.php(507): CodeIgniter\CodeIgniter->runController(Object(App\Controllers\Telegram))
 4 SYSTEMPATH\CodeIgniter.php(354): CodeIgniter\CodeIgniter->handleRequest(null, Object(Config\Cache), false)
 5 SYSTEMPATH\Boot.php(363): CodeIgniter\CodeIgniter->run()
 6 SYSTEMPATH\Boot.php(68): CodeIgniter\Boot::runCodeIgniter(Object(CodeIgniter\CodeIgniter))
 7 FCPATH\index.php(59): CodeIgniter\Boot::bootWeb(Object(Config\Paths))
CRITICAL - 2025-11-24 00:50:19 --> ErrorException: Undefined array key "text"
[Method: GET, Route: telegram/messages]
in APPPATH\Controllers\Telegram.php on line 73.
 1 APPPATH\Controllers\Telegram.php(73): CodeIgniter\Debug\Exceptions->errorHandler(2, 'Undefined array key "text"', 'C:\\xampp\\htdocs\\Leapcol\\app\\Controllers\\Telegram.php', 73)
 2 SYSTEMPATH\CodeIgniter.php(933): App\Controllers\Telegram->getMessages()
 3 SYSTEMPATH\CodeIgniter.php(507): CodeIgniter\CodeIgniter->runController(Object(App\Controllers\Telegram))
 4 SYSTEMPATH\CodeIgniter.php(354): CodeIgniter\CodeIgniter->handleRequest(null, Object(Config\Cache), false)
 5 SYSTEMPATH\Boot.php(363): CodeIgniter\CodeIgniter->run()
 6 SYSTEMPATH\Boot.php(68): CodeIgniter\Boot::runCodeIgniter(Object(CodeIgniter\CodeIgniter))
 7 FCPATH\index.php(59): CodeIgniter\Boot::bootWeb(Object(Config\Paths))
CRITICAL - 2025-11-24 00:50:22 --> ErrorException: Undefined array key "text"
[Method: GET, Route: telegram/messages]
in APPPATH\Controllers\Telegram.php on line 73.
 1 APPPATH\Controllers\Telegram.php(73): CodeIgniter\Debug\Exceptions->errorHandler(2, 'Undefined array key "text"', 'C:\\xampp\\htdocs\\Leapcol\\app\\Controllers\\Telegram.php', 73)
 2 SYSTEMPATH\CodeIgniter.php(933): App\Controllers\Telegram->getMessages()
 3 SYSTEMPATH\CodeIgniter.php(507): CodeIgniter\CodeIgniter->runController(Object(App\Controllers\Telegram))
 4 SYSTEMPATH\CodeIgniter.php(354): CodeIgniter\CodeIgniter->handleRequest(null, Object(Config\Cache), false)
 5 SYSTEMPATH\Boot.php(363): CodeIgniter\CodeIgniter->run()
 6 SYSTEMPATH\Boot.php(68): CodeIgniter\Boot::runCodeIgniter(Object(CodeIgniter\CodeIgniter))
 7 FCPATH\index.php(59): CodeIgniter\Boot::bootWeb(Object(Config\Paths))
CRITICAL - 2025-11-24 00:50:25 --> ErrorException: Undefined array key "text"
[Method: GET, Route: telegram/messages]
in APPPATH\Controllers\Telegram.php on line 73.
 1 APPPATH\Controllers\Telegram.php(73): CodeIgniter\Debug\Exceptions->errorHandler(2, 'Undefined array key "text"', 'C:\\xampp\\htdocs\\Leapcol\\app\\Controllers\\Telegram.php', 73)
 2 SYSTEMPATH\CodeIgniter.php(933): App\Controllers\Telegram->getMessages()
 3 SYSTEMPATH\CodeIgniter.php(507): CodeIgniter\CodeIgniter->runController(Object(App\Controllers\Telegram))
 4 SYSTEMPATH\CodeIgniter.php(354): CodeIgniter\CodeIgniter->handleRequest(null, Object(Config\Cache), false)
 5 SYSTEMPATH\Boot.php(363): CodeIgniter\CodeIgniter->run()
 6 SYSTEMPATH\Boot.php(68): CodeIgniter\Boot::runCodeIgniter(Object(CodeIgniter\CodeIgniter))
 7 FCPATH\index.php(59): CodeIgniter\Boot::bootWeb(Object(Config\Paths))
CRITICAL - 2025-11-24 00:50:28 --> ErrorException: Undefined array key "text"
[Method: GET, Route: telegram/messages]
in APPPATH\Controllers\Telegram.php on line 73.
 1 APPPATH\Controllers\Telegram.php(73): CodeIgniter\Debug\Exceptions->errorHandler(2, 'Undefined array key "text"', 'C:\\xampp\\htdocs\\Leapcol\\app\\Controllers\\Telegram.php', 73)
 2 SYSTEMPATH\CodeIgniter.php(933): App\Controllers\Telegram->getMessages()
 3 SYSTEMPATH\CodeIgniter.php(507): CodeIgniter\CodeIgniter->runController(Object(App\Controllers\Telegram))
 4 SYSTEMPATH\CodeIgniter.php(354): CodeIgniter\CodeIgniter->handleRequest(null, Object(Config\Cache), false)
 5 SYSTEMPATH\Boot.php(363): CodeIgniter\CodeIgniter->run()
 6 SYSTEMPATH\Boot.php(68): CodeIgniter\Boot::runCodeIgniter(Object(CodeIgniter\CodeIgniter))
 7 FCPATH\index.php(59): CodeIgniter\Boot::bootWeb(Object(Config\Paths))
CRITICAL - 2025-11-24 00:50:31 --> ErrorException: Undefined array key "text"
[Method: GET, Route: telegram/messages]
in APPPATH\Controllers\Telegram.php on line 73.
 1 APPPATH\Controllers\Telegram.php(73): CodeIgniter\Debug\Exceptions->errorHandler(2, 'Undefined array key "text"', 'C:\\xampp\\htdocs\\Leapcol\\app\\Controllers\\Telegram.php', 73)
 2 SYSTEMPATH\CodeIgniter.php(933): App\Controllers\Telegram->getMessages()
 3 SYSTEMPATH\CodeIgniter.php(507): CodeIgniter\CodeIgniter->runController(Object(App\Controllers\Telegram))
 4 SYSTEMPATH\CodeIgniter.php(354): CodeIgniter\CodeIgniter->handleRequest(null, Object(Config\Cache), false)
 5 SYSTEMPATH\Boot.php(363): CodeIgniter\CodeIgniter->run()
 6 SYSTEMPATH\Boot.php(68): CodeIgniter\Boot::runCodeIgniter(Object(CodeIgniter\CodeIgniter))
 7 FCPATH\index.php(59): CodeIgniter\Boot::bootWeb(Object(Config\Paths))
CRITICAL - 2025-11-24 00:50:35 --> ErrorException: Undefined array key "text"
[Method: GET, Route: telegram/messages]
in APPPATH\Controllers\Telegram.php on line 73.
 1 APPPATH\Controllers\Telegram.php(73): CodeIgniter\Debug\Exceptions->errorHandler(2, 'Undefined array key "text"', 'C:\\xampp\\htdocs\\Leapcol\\app\\Controllers\\Telegram.php', 73)
 2 SYSTEMPATH\CodeIgniter.php(933): App\Controllers\Telegram->getMessages()
 3 SYSTEMPATH\CodeIgniter.php(507): CodeIgniter\CodeIgniter->runController(Object(App\Controllers\Telegram))
 4 SYSTEMPATH\CodeIgniter.php(354): CodeIgniter\CodeIgniter->handleRequest(null, Object(Config\Cache), false)
 5 SYSTEMPATH\Boot.php(363): CodeIgniter\CodeIgniter->run()
 6 SYSTEMPATH\Boot.php(68): CodeIgniter\Boot::runCodeIgniter(Object(CodeIgniter\CodeIgniter))
 7 FCPATH\index.php(59): CodeIgniter\Boot::bootWeb(Object(Config\Paths))
CRITICAL - 2025-11-24 00:50:38 --> ErrorException: Undefined array key "text"
[Method: GET, Route: telegram/messages]
in APPPATH\Controllers\Telegram.php on line 73.
 1 APPPATH\Controllers\Telegram.php(73): CodeIgniter\Debug\Exceptions->errorHandler(2, 'Undefined array key "text"', 'C:\\xampp\\htdocs\\Leapcol\\app\\Controllers\\Telegram.php', 73)
 2 SYSTEMPATH\CodeIgniter.php(933): App\Controllers\Telegram->getMessages()
 3 SYSTEMPATH\CodeIgniter.php(507): CodeIgniter\CodeIgniter->runController(Object(App\Controllers\Telegram))
 4 SYSTEMPATH\CodeIgniter.php(354): CodeIgniter\CodeIgniter->handleRequest(null, Object(Config\Cache), false)
 5 SYSTEMPATH\Boot.php(363): CodeIgniter\CodeIgniter->run()
 6 SYSTEMPATH\Boot.php(68): CodeIgniter\Boot::runCodeIgniter(Object(CodeIgniter\CodeIgniter))
 7 FCPATH\index.php(59): CodeIgniter\Boot::bootWeb(Object(Config\Paths))
CRITICAL - 2025-11-24 00:50:41 --> ErrorException: Undefined array key "text"
[Method: GET, Route: telegram/messages]
in APPPATH\Controllers\Telegram.php on line 73.
 1 APPPATH\Controllers\Telegram.php(73): CodeIgniter\Debug\Exceptions->errorHandler(2, 'Undefined array key "text"', 'C:\\xampp\\htdocs\\Leapcol\\app\\Controllers\\Telegram.php', 73)
 2 SYSTEMPATH\CodeIgniter.php(933): App\Controllers\Telegram->getMessages()
 3 SYSTEMPATH\CodeIgniter.php(507): CodeIgniter\CodeIgniter->runController(Object(App\Controllers\Telegram))
 4 SYSTEMPATH\CodeIgniter.php(354): CodeIgniter\CodeIgniter->handleRequest(null, Object(Config\Cache), false)
 5 SYSTEMPATH\Boot.php(363): CodeIgniter\CodeIgniter->run()
 6 SYSTEMPATH\Boot.php(68): CodeIgniter\Boot::runCodeIgniter(Object(CodeIgniter\CodeIgniter))
 7 FCPATH\index.php(59): CodeIgniter\Boot::bootWeb(Object(Config\Paths))
CRITICAL - 2025-11-24 00:50:45 --> ErrorException: Undefined array key "text"
[Method: GET, Route: telegram/messages]
in APPPATH\Controllers\Telegram.php on line 73.
 1 APPPATH\Controllers\Telegram.php(73): CodeIgniter\Debug\Exceptions->errorHandler(2, 'Undefined array key "text"', 'C:\\xampp\\htdocs\\Leapcol\\app\\Controllers\\Telegram.php', 73)
 2 SYSTEMPATH\CodeIgniter.php(933): App\Controllers\Telegram->getMessages()
 3 SYSTEMPATH\CodeIgniter.php(507): CodeIgniter\CodeIgniter->runController(Object(App\Controllers\Telegram))
 4 SYSTEMPATH\CodeIgniter.php(354): CodeIgniter\CodeIgniter->handleRequest(null, Object(Config\Cache), false)
 5 SYSTEMPATH\Boot.php(363): CodeIgniter\CodeIgniter->run()
 6 SYSTEMPATH\Boot.php(68): CodeIgniter\Boot::runCodeIgniter(Object(CodeIgniter\CodeIgniter))
 7 FCPATH\index.php(59): CodeIgniter\Boot::bootWeb(Object(Config\Paths))
CRITICAL - 2025-11-24 00:50:48 --> ErrorException: Undefined array key "text"
[Method: GET, Route: telegram/messages]
in APPPATH\Controllers\Telegram.php on line 73.
 1 APPPATH\Controllers\Telegram.php(73): CodeIgniter\Debug\Exceptions->errorHandler(2, 'Undefined array key "text"', 'C:\\xampp\\htdocs\\Leapcol\\app\\Controllers\\Telegram.php', 73)
 2 SYSTEMPATH\CodeIgniter.php(933): App\Controllers\Telegram->getMessages()
 3 SYSTEMPATH\CodeIgniter.php(507): CodeIgniter\CodeIgniter->runController(Object(App\Controllers\Telegram))
 4 SYSTEMPATH\CodeIgniter.php(354): CodeIgniter\CodeIgniter->handleRequest(null, Object(Config\Cache), false)
 5 SYSTEMPATH\Boot.php(363): CodeIgniter\CodeIgniter->run()
 6 SYSTEMPATH\Boot.php(68): CodeIgniter\Boot::runCodeIgniter(Object(CodeIgniter\CodeIgniter))
 7 FCPATH\index.php(59): CodeIgniter\Boot::bootWeb(Object(Config\Paths))
CRITICAL - 2025-11-24 00:50:51 --> ErrorException: Undefined array key "text"
[Method: GET, Route: telegram/messages]
in APPPATH\Controllers\Telegram.php on line 73.
 1 APPPATH\Controllers\Telegram.php(73): CodeIgniter\Debug\Exceptions->errorHandler(2, 'Undefined array key "text"', 'C:\\xampp\\htdocs\\Leapcol\\app\\Controllers\\Telegram.php', 73)
 2 SYSTEMPATH\CodeIgniter.php(933): App\Controllers\Telegram->getMessages()
 3 SYSTEMPATH\CodeIgniter.php(507): CodeIgniter\CodeIgniter->runController(Object(App\Controllers\Telegram))
 4 SYSTEMPATH\CodeIgniter.php(354): CodeIgniter\CodeIgniter->handleRequest(null, Object(Config\Cache), false)
 5 SYSTEMPATH\Boot.php(363): CodeIgniter\CodeIgniter->run()
 6 SYSTEMPATH\Boot.php(68): CodeIgniter\Boot::runCodeIgniter(Object(CodeIgniter\CodeIgniter))
 7 FCPATH\index.php(59): CodeIgniter\Boot::bootWeb(Object(Config\Paths))
CRITICAL - 2025-11-24 00:50:55 --> ErrorException: Undefined array key "text"
[Method: GET, Route: telegram/messages]
in APPPATH\Controllers\Telegram.php on line 73.
 1 APPPATH\Controllers\Telegram.php(73): CodeIgniter\Debug\Exceptions->errorHandler(2, 'Undefined array key "text"', 'C:\\xampp\\htdocs\\Leapcol\\app\\Controllers\\Telegram.php', 73)
 2 SYSTEMPATH\CodeIgniter.php(933): App\Controllers\Telegram->getMessages()
 3 SYSTEMPATH\CodeIgniter.php(507): CodeIgniter\CodeIgniter->runController(Object(App\Controllers\Telegram))
 4 SYSTEMPATH\CodeIgniter.php(354): CodeIgniter\CodeIgniter->handleRequest(null, Object(Config\Cache), false)
 5 SYSTEMPATH\Boot.php(363): CodeIgniter\CodeIgniter->run()
 6 SYSTEMPATH\Boot.php(68): CodeIgniter\Boot::runCodeIgniter(Object(CodeIgniter\CodeIgniter))
 7 FCPATH\index.php(59): CodeIgniter\Boot::bootWeb(Object(Config\Paths))
CRITICAL - 2025-11-24 00:50:58 --> ErrorException: Undefined array key "text"
[Method: GET, Route: telegram/messages]
in APPPATH\Controllers\Telegram.php on line 73.
 1 APPPATH\Controllers\Telegram.php(73): CodeIgniter\Debug\Exceptions->errorHandler(2, 'Undefined array key "text"', 'C:\\xampp\\htdocs\\Leapcol\\app\\Controllers\\Telegram.php', 73)
 2 SYSTEMPATH\CodeIgniter.php(933): App\Controllers\Telegram->getMessages()
 3 SYSTEMPATH\CodeIgniter.php(507): CodeIgniter\CodeIgniter->runController(Object(App\Controllers\Telegram))
 4 SYSTEMPATH\CodeIgniter.php(354): CodeIgniter\CodeIgniter->handleRequest(null, Object(Config\Cache), false)
 5 SYSTEMPATH\Boot.php(363): CodeIgniter\CodeIgniter->run()
 6 SYSTEMPATH\Boot.php(68): CodeIgniter\Boot::runCodeIgniter(Object(CodeIgniter\CodeIgniter))
 7 FCPATH\index.php(59): CodeIgniter\Boot::bootWeb(Object(Config\Paths))
CRITICAL - 2025-11-24 00:51:01 --> ErrorException: Undefined array key "text"
[Method: GET, Route: telegram/messages]
in APPPATH\Controllers\Telegram.php on line 73.
 1 APPPATH\Controllers\Telegram.php(73): CodeIgniter\Debug\Exceptions->errorHandler(2, 'Undefined array key "text"', 'C:\\xampp\\htdocs\\Leapcol\\app\\Controllers\\Telegram.php', 73)
 2 SYSTEMPATH\CodeIgniter.php(933): App\Controllers\Telegram->getMessages()
 3 SYSTEMPATH\CodeIgniter.php(507): CodeIgniter\CodeIgniter->runController(Object(App\Controllers\Telegram))
 4 SYSTEMPATH\CodeIgniter.php(354): CodeIgniter\CodeIgniter->handleRequest(null, Object(Config\Cache), false)
 5 SYSTEMPATH\Boot.php(363): CodeIgniter\CodeIgniter->run()
 6 SYSTEMPATH\Boot.php(68): CodeIgniter\Boot::runCodeIgniter(Object(CodeIgniter\CodeIgniter))
 7 FCPATH\index.php(59): CodeIgniter\Boot::bootWeb(Object(Config\Paths))
CRITICAL - 2025-11-24 00:51:05 --> ErrorException: Undefined array key "text"
[Method: GET, Route: telegram/messages]
in APPPATH\Controllers\Telegram.php on line 73.
 1 APPPATH\Controllers\Telegram.php(73): CodeIgniter\Debug\Exceptions->errorHandler(2, 'Undefined array key "text"', 'C:\\xampp\\htdocs\\Leapcol\\app\\Controllers\\Telegram.php', 73)
 2 SYSTEMPATH\CodeIgniter.php(933): App\Controllers\Telegram->getMessages()
 3 SYSTEMPATH\CodeIgniter.php(507): CodeIgniter\CodeIgniter->runController(Object(App\Controllers\Telegram))
 4 SYSTEMPATH\CodeIgniter.php(354): CodeIgniter\CodeIgniter->handleRequest(null, Object(Config\Cache), false)
 5 SYSTEMPATH\Boot.php(363): CodeIgniter\CodeIgniter->run()
 6 SYSTEMPATH\Boot.php(68): CodeIgniter\Boot::runCodeIgniter(Object(CodeIgniter\CodeIgniter))
 7 FCPATH\index.php(59): CodeIgniter\Boot::bootWeb(Object(Config\Paths))
CRITICAL - 2025-11-24 00:51:08 --> ErrorException: Undefined array key "text"
[Method: GET, Route: telegram/messages]
in APPPATH\Controllers\Telegram.php on line 73.
 1 APPPATH\Controllers\Telegram.php(73): CodeIgniter\Debug\Exceptions->errorHandler(2, 'Undefined array key "text"', 'C:\\xampp\\htdocs\\Leapcol\\app\\Controllers\\Telegram.php', 73)
 2 SYSTEMPATH\CodeIgniter.php(933): App\Controllers\Telegram->getMessages()
 3 SYSTEMPATH\CodeIgniter.php(507): CodeIgniter\CodeIgniter->runController(Object(App\Controllers\Telegram))
 4 SYSTEMPATH\CodeIgniter.php(354): CodeIgniter\CodeIgniter->handleRequest(null, Object(Config\Cache), false)
 5 SYSTEMPATH\Boot.php(363): CodeIgniter\CodeIgniter->run()
 6 SYSTEMPATH\Boot.php(68): CodeIgniter\Boot::runCodeIgniter(Object(CodeIgniter\CodeIgniter))
 7 FCPATH\index.php(59): CodeIgniter\Boot::bootWeb(Object(Config\Paths))
CRITICAL - 2025-11-24 00:51:11 --> ErrorException: Undefined array key "text"
[Method: GET, Route: telegram/messages]
in APPPATH\Controllers\Telegram.php on line 73.
 1 APPPATH\Controllers\Telegram.php(73): CodeIgniter\Debug\Exceptions->errorHandler(2, 'Undefined array key "text"', 'C:\\xampp\\htdocs\\Leapcol\\app\\Controllers\\Telegram.php', 73)
 2 SYSTEMPATH\CodeIgniter.php(933): App\Controllers\Telegram->getMessages()
 3 SYSTEMPATH\CodeIgniter.php(507): CodeIgniter\CodeIgniter->runController(Object(App\Controllers\Telegram))
 4 SYSTEMPATH\CodeIgniter.php(354): CodeIgniter\CodeIgniter->handleRequest(null, Object(Config\Cache), false)
 5 SYSTEMPATH\Boot.php(363): CodeIgniter\CodeIgniter->run()
 6 SYSTEMPATH\Boot.php(68): CodeIgniter\Boot::runCodeIgniter(Object(CodeIgniter\CodeIgniter))
 7 FCPATH\index.php(59): CodeIgniter\Boot::bootWeb(Object(Config\Paths))
CRITICAL - 2025-11-24 00:51:15 --> ErrorException: Undefined array key "text"
[Method: GET, Route: telegram/messages]
in APPPATH\Controllers\Telegram.php on line 73.
 1 APPPATH\Controllers\Telegram.php(73): CodeIgniter\Debug\Exceptions->errorHandler(2, 'Undefined array key "text"', 'C:\\xampp\\htdocs\\Leapcol\\app\\Controllers\\Telegram.php', 73)
 2 SYSTEMPATH\CodeIgniter.php(933): App\Controllers\Telegram->getMessages()
 3 SYSTEMPATH\CodeIgniter.php(507): CodeIgniter\CodeIgniter->runController(Object(App\Controllers\Telegram))
 4 SYSTEMPATH\CodeIgniter.php(354): CodeIgniter\CodeIgniter->handleRequest(null, Object(Config\Cache), false)
 5 SYSTEMPATH\Boot.php(363): CodeIgniter\CodeIgniter->run()
 6 SYSTEMPATH\Boot.php(68): CodeIgniter\Boot::runCodeIgniter(Object(CodeIgniter\CodeIgniter))
 7 FCPATH\index.php(59): CodeIgniter\Boot::bootWeb(Object(Config\Paths))
CRITICAL - 2025-11-24 00:51:18 --> ErrorException: Undefined array key "text"
[Method: GET, Route: telegram/messages]
in APPPATH\Controllers\Telegram.php on line 73.
 1 APPPATH\Controllers\Telegram.php(73): CodeIgniter\Debug\Exceptions->errorHandler(2, 'Undefined array key "text"', 'C:\\xampp\\htdocs\\Leapcol\\app\\Controllers\\Telegram.php', 73)
 2 SYSTEMPATH\CodeIgniter.php(933): App\Controllers\Telegram->getMessages()
 3 SYSTEMPATH\CodeIgniter.php(507): CodeIgniter\CodeIgniter->runController(Object(App\Controllers\Telegram))
 4 SYSTEMPATH\CodeIgniter.php(354): CodeIgniter\CodeIgniter->handleRequest(null, Object(Config\Cache), false)
 5 SYSTEMPATH\Boot.php(363): CodeIgniter\CodeIgniter->run()
 6 SYSTEMPATH\Boot.php(68): CodeIgniter\Boot::runCodeIgniter(Object(CodeIgniter\CodeIgniter))
 7 FCPATH\index.php(59): CodeIgniter\Boot::bootWeb(Object(Config\Paths))
CRITICAL - 2025-11-24 00:51:21 --> ErrorException: Undefined array key "text"
[Method: GET, Route: telegram/messages]
in APPPATH\Controllers\Telegram.php on line 73.
 1 APPPATH\Controllers\Telegram.php(73): CodeIgniter\Debug\Exceptions->errorHandler(2, 'Undefined array key "text"', 'C:\\xampp\\htdocs\\Leapcol\\app\\Controllers\\Telegram.php', 73)
 2 SYSTEMPATH\CodeIgniter.php(933): App\Controllers\Telegram->getMessages()
 3 SYSTEMPATH\CodeIgniter.php(507): CodeIgniter\CodeIgniter->runController(Object(App\Controllers\Telegram))
 4 SYSTEMPATH\CodeIgniter.php(354): CodeIgniter\CodeIgniter->handleRequest(null, Object(Config\Cache), false)
 5 SYSTEMPATH\Boot.php(363): CodeIgniter\CodeIgniter->run()
 6 SYSTEMPATH\Boot.php(68): CodeIgniter\Boot::runCodeIgniter(Object(CodeIgniter\CodeIgniter))
 7 FCPATH\index.php(59): CodeIgniter\Boot::bootWeb(Object(Config\Paths))
CRITICAL - 2025-11-24 00:51:25 --> ErrorException: Undefined array key "text"
[Method: GET, Route: telegram/messages]
in APPPATH\Controllers\Telegram.php on line 73.
 1 APPPATH\Controllers\Telegram.php(73): CodeIgniter\Debug\Exceptions->errorHandler(2, 'Undefined array key "text"', 'C:\\xampp\\htdocs\\Leapcol\\app\\Controllers\\Telegram.php', 73)
 2 SYSTEMPATH\CodeIgniter.php(933): App\Controllers\Telegram->getMessages()
 3 SYSTEMPATH\CodeIgniter.php(507): CodeIgniter\CodeIgniter->runController(Object(App\Controllers\Telegram))
 4 SYSTEMPATH\CodeIgniter.php(354): CodeIgniter\CodeIgniter->handleRequest(null, Object(Config\Cache), false)
 5 SYSTEMPATH\Boot.php(363): CodeIgniter\CodeIgniter->run()
 6 SYSTEMPATH\Boot.php(68): CodeIgniter\Boot::runCodeIgniter(Object(CodeIgniter\CodeIgniter))
 7 FCPATH\index.php(59): CodeIgniter\Boot::bootWeb(Object(Config\Paths))
CRITICAL - 2025-11-24 00:51:28 --> ErrorException: Undefined array key "text"
[Method: GET, Route: telegram/messages]
in APPPATH\Controllers\Telegram.php on line 73.
 1 APPPATH\Controllers\Telegram.php(73): CodeIgniter\Debug\Exceptions->errorHandler(2, 'Undefined array key "text"', 'C:\\xampp\\htdocs\\Leapcol\\app\\Controllers\\Telegram.php', 73)
 2 SYSTEMPATH\CodeIgniter.php(933): App\Controllers\Telegram->getMessages()
 3 SYSTEMPATH\CodeIgniter.php(507): CodeIgniter\CodeIgniter->runController(Object(App\Controllers\Telegram))
 4 SYSTEMPATH\CodeIgniter.php(354): CodeIgniter\CodeIgniter->handleRequest(null, Object(Config\Cache), false)
 5 SYSTEMPATH\Boot.php(363): CodeIgniter\CodeIgniter->run()
 6 SYSTEMPATH\Boot.php(68): CodeIgniter\Boot::runCodeIgniter(Object(CodeIgniter\CodeIgniter))
 7 FCPATH\index.php(59): CodeIgniter\Boot::bootWeb(Object(Config\Paths))
CRITICAL - 2025-11-24 00:51:31 --> ErrorException: Undefined array key "text"
[Method: GET, Route: telegram/messages]
in APPPATH\Controllers\Telegram.php on line 73.
 1 APPPATH\Controllers\Telegram.php(73): CodeIgniter\Debug\Exceptions->errorHandler(2, 'Undefined array key "text"', 'C:\\xampp\\htdocs\\Leapcol\\app\\Controllers\\Telegram.php', 73)
 2 SYSTEMPATH\CodeIgniter.php(933): App\Controllers\Telegram->getMessages()
 3 SYSTEMPATH\CodeIgniter.php(507): CodeIgniter\CodeIgniter->runController(Object(App\Controllers\Telegram))
 4 SYSTEMPATH\CodeIgniter.php(354): CodeIgniter\CodeIgniter->handleRequest(null, Object(Config\Cache), false)
 5 SYSTEMPATH\Boot.php(363): CodeIgniter\CodeIgniter->run()
 6 SYSTEMPATH\Boot.php(68): CodeIgniter\Boot::runCodeIgniter(Object(CodeIgniter\CodeIgniter))
 7 FCPATH\index.php(59): CodeIgniter\Boot::bootWeb(Object(Config\Paths))
CRITICAL - 2025-11-24 00:51:35 --> ErrorException: Undefined array key "text"
[Method: GET, Route: telegram/messages]
in APPPATH\Controllers\Telegram.php on line 73.
 1 APPPATH\Controllers\Telegram.php(73): CodeIgniter\Debug\Exceptions->errorHandler(2, 'Undefined array key "text"', 'C:\\xampp\\htdocs\\Leapcol\\app\\Controllers\\Telegram.php', 73)
 2 SYSTEMPATH\CodeIgniter.php(933): App\Controllers\Telegram->getMessages()
 3 SYSTEMPATH\CodeIgniter.php(507): CodeIgniter\CodeIgniter->runController(Object(App\Controllers\Telegram))
 4 SYSTEMPATH\CodeIgniter.php(354): CodeIgniter\CodeIgniter->handleRequest(null, Object(Config\Cache), false)
 5 SYSTEMPATH\Boot.php(363): CodeIgniter\CodeIgniter->run()
 6 SYSTEMPATH\Boot.php(68): CodeIgniter\Boot::runCodeIgniter(Object(CodeIgniter\CodeIgniter))
 7 FCPATH\index.php(59): CodeIgniter\Boot::bootWeb(Object(Config\Paths))
CRITICAL - 2025-11-24 00:51:38 --> ErrorException: Undefined array key "text"
[Method: GET, Route: telegram/messages]
in APPPATH\Controllers\Telegram.php on line 73.
 1 APPPATH\Controllers\Telegram.php(73): CodeIgniter\Debug\Exceptions->errorHandler(2, 'Undefined array key "text"', 'C:\\xampp\\htdocs\\Leapcol\\app\\Controllers\\Telegram.php', 73)
 2 SYSTEMPATH\CodeIgniter.php(933): App\Controllers\Telegram->getMessages()
 3 SYSTEMPATH\CodeIgniter.php(507): CodeIgniter\CodeIgniter->runController(Object(App\Controllers\Telegram))
 4 SYSTEMPATH\CodeIgniter.php(354): CodeIgniter\CodeIgniter->handleRequest(null, Object(Config\Cache), false)
 5 SYSTEMPATH\Boot.php(363): CodeIgniter\CodeIgniter->run()
 6 SYSTEMPATH\Boot.php(68): CodeIgniter\Boot::runCodeIgniter(Object(CodeIgniter\CodeIgniter))
 7 FCPATH\index.php(59): CodeIgniter\Boot::bootWeb(Object(Config\Paths))
CRITICAL - 2025-11-24 00:51:41 --> ErrorException: Undefined array key "text"
[Method: GET, Route: telegram/messages]
in APPPATH\Controllers\Telegram.php on line 73.
 1 APPPATH\Controllers\Telegram.php(73): CodeIgniter\Debug\Exceptions->errorHandler(2, 'Undefined array key "text"', 'C:\\xampp\\htdocs\\Leapcol\\app\\Controllers\\Telegram.php', 73)
 2 SYSTEMPATH\CodeIgniter.php(933): App\Controllers\Telegram->getMessages()
 3 SYSTEMPATH\CodeIgniter.php(507): CodeIgniter\CodeIgniter->runController(Object(App\Controllers\Telegram))
 4 SYSTEMPATH\CodeIgniter.php(354): CodeIgniter\CodeIgniter->handleRequest(null, Object(Config\Cache), false)
 5 SYSTEMPATH\Boot.php(363): CodeIgniter\CodeIgniter->run()
 6 SYSTEMPATH\Boot.php(68): CodeIgniter\Boot::runCodeIgniter(Object(CodeIgniter\CodeIgniter))
 7 FCPATH\index.php(59): CodeIgniter\Boot::bootWeb(Object(Config\Paths))
CRITICAL - 2025-11-24 00:51:45 --> ErrorException: Undefined array key "text"
[Method: GET, Route: telegram/messages]
in APPPATH\Controllers\Telegram.php on line 73.
 1 APPPATH\Controllers\Telegram.php(73): CodeIgniter\Debug\Exceptions->errorHandler(2, 'Undefined array key "text"', 'C:\\xampp\\htdocs\\Leapcol\\app\\Controllers\\Telegram.php', 73)
 2 SYSTEMPATH\CodeIgniter.php(933): App\Controllers\Telegram->getMessages()
 3 SYSTEMPATH\CodeIgniter.php(507): CodeIgniter\CodeIgniter->runController(Object(App\Controllers\Telegram))
 4 SYSTEMPATH\CodeIgniter.php(354): CodeIgniter\CodeIgniter->handleRequest(null, Object(Config\Cache), false)
 5 SYSTEMPATH\Boot.php(363): CodeIgniter\CodeIgniter->run()
 6 SYSTEMPATH\Boot.php(68): CodeIgniter\Boot::runCodeIgniter(Object(CodeIgniter\CodeIgniter))
 7 FCPATH\index.php(59): CodeIgniter\Boot::bootWeb(Object(Config\Paths))
CRITICAL - 2025-11-24 00:51:48 --> ErrorException: Undefined array key "text"
[Method: GET, Route: telegram/messages]
in APPPATH\Controllers\Telegram.php on line 73.
 1 APPPATH\Controllers\Telegram.php(73): CodeIgniter\Debug\Exceptions->errorHandler(2, 'Undefined array key "text"', 'C:\\xampp\\htdocs\\Leapcol\\app\\Controllers\\Telegram.php', 73)
 2 SYSTEMPATH\CodeIgniter.php(933): App\Controllers\Telegram->getMessages()
 3 SYSTEMPATH\CodeIgniter.php(507): CodeIgniter\CodeIgniter->runController(Object(App\Controllers\Telegram))
 4 SYSTEMPATH\CodeIgniter.php(354): CodeIgniter\CodeIgniter->handleRequest(null, Object(Config\Cache), false)
 5 SYSTEMPATH\Boot.php(363): CodeIgniter\CodeIgniter->run()
 6 SYSTEMPATH\Boot.php(68): CodeIgniter\Boot::runCodeIgniter(Object(CodeIgniter\CodeIgniter))
 7 FCPATH\index.php(59): CodeIgniter\Boot::bootWeb(Object(Config\Paths))
CRITICAL - 2025-11-24 00:51:51 --> ErrorException: Undefined array key "text"
[Method: GET, Route: telegram/messages]
in APPPATH\Controllers\Telegram.php on line 73.
 1 APPPATH\Controllers\Telegram.php(73): CodeIgniter\Debug\Exceptions->errorHandler(2, 'Undefined array key "text"', 'C:\\xampp\\htdocs\\Leapcol\\app\\Controllers\\Telegram.php', 73)
 2 SYSTEMPATH\CodeIgniter.php(933): App\Controllers\Telegram->getMessages()
 3 SYSTEMPATH\CodeIgniter.php(507): CodeIgniter\CodeIgniter->runController(Object(App\Controllers\Telegram))
 4 SYSTEMPATH\CodeIgniter.php(354): CodeIgniter\CodeIgniter->handleRequest(null, Object(Config\Cache), false)
 5 SYSTEMPATH\Boot.php(363): CodeIgniter\CodeIgniter->run()
 6 SYSTEMPATH\Boot.php(68): CodeIgniter\Boot::runCodeIgniter(Object(CodeIgniter\CodeIgniter))
 7 FCPATH\index.php(59): CodeIgniter\Boot::bootWeb(Object(Config\Paths))
CRITICAL - 2025-11-24 00:51:54 --> ErrorException: Undefined array key "text"
[Method: GET, Route: telegram/messages]
in APPPATH\Controllers\Telegram.php on line 73.
 1 APPPATH\Controllers\Telegram.php(73): CodeIgniter\Debug\Exceptions->errorHandler(2, 'Undefined array key "text"', 'C:\\xampp\\htdocs\\Leapcol\\app\\Controllers\\Telegram.php', 73)
 2 SYSTEMPATH\CodeIgniter.php(933): App\Controllers\Telegram->getMessages()
 3 SYSTEMPATH\CodeIgniter.php(507): CodeIgniter\CodeIgniter->runController(Object(App\Controllers\Telegram))
 4 SYSTEMPATH\CodeIgniter.php(354): CodeIgniter\CodeIgniter->handleRequest(null, Object(Config\Cache), false)
 5 SYSTEMPATH\Boot.php(363): CodeIgniter\CodeIgniter->run()
 6 SYSTEMPATH\Boot.php(68): CodeIgniter\Boot::runCodeIgniter(Object(CodeIgniter\CodeIgniter))
 7 FCPATH\index.php(59): CodeIgniter\Boot::bootWeb(Object(Config\Paths))
CRITICAL - 2025-11-24 00:51:57 --> ErrorException: Undefined array key "text"
[Method: GET, Route: telegram/messages]
in APPPATH\Controllers\Telegram.php on line 73.
 1 APPPATH\Controllers\Telegram.php(73): CodeIgniter\Debug\Exceptions->errorHandler(2, 'Undefined array key "text"', 'C:\\xampp\\htdocs\\Leapcol\\app\\Controllers\\Telegram.php', 73)
 2 SYSTEMPATH\CodeIgniter.php(933): App\Controllers\Telegram->getMessages()
 3 SYSTEMPATH\CodeIgniter.php(507): CodeIgniter\CodeIgniter->runController(Object(App\Controllers\Telegram))
 4 SYSTEMPATH\CodeIgniter.php(354): CodeIgniter\CodeIgniter->handleRequest(null, Object(Config\Cache), false)
 5 SYSTEMPATH\Boot.php(363): CodeIgniter\CodeIgniter->run()
 6 SYSTEMPATH\Boot.php(68): CodeIgniter\Boot::runCodeIgniter(Object(CodeIgniter\CodeIgniter))
 7 FCPATH\index.php(59): CodeIgniter\Boot::bootWeb(Object(Config\Paths))
CRITICAL - 2025-11-24 00:52:00 --> ErrorException: Undefined array key "text"
[Method: GET, Route: telegram/messages]
in APPPATH\Controllers\Telegram.php on line 73.
 1 APPPATH\Controllers\Telegram.php(73): CodeIgniter\Debug\Exceptions->errorHandler(2, 'Undefined array key "text"', 'C:\\xampp\\htdocs\\Leapcol\\app\\Controllers\\Telegram.php', 73)
 2 SYSTEMPATH\CodeIgniter.php(933): App\Controllers\Telegram->getMessages()
 3 SYSTEMPATH\CodeIgniter.php(507): CodeIgniter\CodeIgniter->runController(Object(App\Controllers\Telegram))
 4 SYSTEMPATH\CodeIgniter.php(354): CodeIgniter\CodeIgniter->handleRequest(null, Object(Config\Cache), false)
 5 SYSTEMPATH\Boot.php(363): CodeIgniter\CodeIgniter->run()
 6 SYSTEMPATH\Boot.php(68): CodeIgniter\Boot::runCodeIgniter(Object(CodeIgniter\CodeIgniter))
 7 FCPATH\index.php(59): CodeIgniter\Boot::bootWeb(Object(Config\Paths))
CRITICAL - 2025-11-24 00:52:03 --> ErrorException: Undefined array key "text"
[Method: GET, Route: telegram/messages]
in APPPATH\Controllers\Telegram.php on line 73.
 1 APPPATH\Controllers\Telegram.php(73): CodeIgniter\Debug\Exceptions->errorHandler(2, 'Undefined array key "text"', 'C:\\xampp\\htdocs\\Leapcol\\app\\Controllers\\Telegram.php', 73)
 2 SYSTEMPATH\CodeIgniter.php(933): App\Controllers\Telegram->getMessages()
 3 SYSTEMPATH\CodeIgniter.php(507): CodeIgniter\CodeIgniter->runController(Object(App\Controllers\Telegram))
 4 SYSTEMPATH\CodeIgniter.php(354): CodeIgniter\CodeIgniter->handleRequest(null, Object(Config\Cache), false)
 5 SYSTEMPATH\Boot.php(363): CodeIgniter\CodeIgniter->run()
 6 SYSTEMPATH\Boot.php(68): CodeIgniter\Boot::runCodeIgniter(Object(CodeIgniter\CodeIgniter))
 7 FCPATH\index.php(59): CodeIgniter\Boot::bootWeb(Object(Config\Paths))
CRITICAL - 2025-11-24 00:52:06 --> ErrorException: Undefined array key "text"
[Method: GET, Route: telegram/messages]
in APPPATH\Controllers\Telegram.php on line 73.
 1 APPPATH\Controllers\Telegram.php(73): CodeIgniter\Debug\Exceptions->errorHandler(2, 'Undefined array key "text"', 'C:\\xampp\\htdocs\\Leapcol\\app\\Controllers\\Telegram.php', 73)
 2 SYSTEMPATH\CodeIgniter.php(933): App\Controllers\Telegram->getMessages()
 3 SYSTEMPATH\CodeIgniter.php(507): CodeIgniter\CodeIgniter->runController(Object(App\Controllers\Telegram))
 4 SYSTEMPATH\CodeIgniter.php(354): CodeIgniter\CodeIgniter->handleRequest(null, Object(Config\Cache), false)
 5 SYSTEMPATH\Boot.php(363): CodeIgniter\CodeIgniter->run()
 6 SYSTEMPATH\Boot.php(68): CodeIgniter\Boot::runCodeIgniter(Object(CodeIgniter\CodeIgniter))
 7 FCPATH\index.php(59): CodeIgniter\Boot::bootWeb(Object(Config\Paths))
