ERROR - 2025-11-27 02:20:56 --> Email: sendWithMail throwed ErrorException: mail(): Failed to connect to mailserver at &quot;localhost&quot; port 25, verify your &quot;SMTP&quot; and &quot;smtp_port&quot; setting in php.ini or use ini_set() in C:\xampp\htdocs\Leapcol\system\Email\Email.php:1771
Stack trace:
#0 [internal function]: CodeIgniter\Debug\Exceptions->errorHandler(2, 'mail(): Failed ...', 'C:\\xampp\\htdocs...', 1771)
#1 C:\xampp\htdocs\Leapcol\system\Email\Email.php(1771): mail('leapcol.soporte...', '=?UTF-8?Q?Nuevo...', 'Has recibido un...', 'Date: Thu, 27 N...', '-f Carloslxpxz@...')
#2 C:\xampp\htdocs\Leapcol\system\Email\Email.php(1703): CodeIgniter\Email\Email->sendWithMail()
#3 C:\xampp\htdocs\Leapcol\system\Email\Email.php(1597): CodeIgniter\Email\Email->spoolEmail()
#4 C:\xampp\htdocs\Leapcol\app\Controllers\Contacto.php(54): CodeIgniter\Email\Email->send()
#5 C:\xampp\htdocs\Leapcol\system\CodeIgniter.php(933): App\Controllers\Contacto->enviar()
#6 C:\xampp\htdocs\Leapcol\system\CodeIgniter.php(507): CodeIgniter\CodeIgniter->runController(Object(App\Controllers\Contacto))
#7 C:\xampp\htdocs\Leapcol\system\CodeIgniter.php(354): CodeIgniter\CodeIgniter->handleRequest(NULL, Object(Config\Cache), false)
#8 C:\xampp\htdocs\Leapcol\system\Boot.php(363): CodeIgniter\CodeIgniter->run()
#9 C:\xampp\htdocs\Leapcol\system\Boot.php(68): CodeIgniter\Boot::runCodeIgniter(Object(CodeIgniter\CodeIgniter))
#10 C:\xampp\htdocs\Leapcol\public\index.php(59): CodeIgniter\Boot::bootWeb(Object(Config\Paths))
#11 {main}
ERROR - 2025-11-27 02:20:56 --> Email: Unable to send email using PHP mail(). Your server might not be configured to send mail using this method.
ERROR - 2025-11-27 02:20:56 --> 
ERROR - 2025-11-27 06:00:57 --> Email: sendWithMail throwed ErrorException: mail(): Failed to connect to mailserver at &quot;localhost&quot; port 25, verify your &quot;SMTP&quot; and &quot;smtp_port&quot; setting in php.ini or use ini_set() in C:\xampp\htdocs\Leapcol\system\Email\Email.php:1771
Stack trace:
#0 [internal function]: CodeIgniter\Debug\Exceptions->errorHandler(2, 'mail(): Failed ...', 'C:\\xampp\\htdocs...', 1771)
#1 C:\xampp\htdocs\Leapcol\system\Email\Email.php(1771): mail('leapcol.soporte...', '=?UTF-8?Q?Nuevo...', 'Has recibido un...', 'Date: Thu, 27 N...', '-f carloslxpxz@...')
#2 C:\xampp\htdocs\Leapcol\system\Email\Email.php(1703): CodeIgniter\Email\Email->sendWithMail()
#3 C:\xampp\htdocs\Leapcol\system\Email\Email.php(1597): CodeIgniter\Email\Email->spoolEmail()
#4 C:\xampp\htdocs\Leapcol\app\Controllers\Contacto.php(52): CodeIgniter\Email\Email->send()
#5 C:\xampp\htdocs\Leapcol\system\CodeIgniter.php(933): App\Controllers\Contacto->enviar()
#6 C:\xampp\htdocs\Leapcol\system\CodeIgniter.php(507): CodeIgniter\CodeIgniter->runController(Object(App\Controllers\Contacto))
#7 C:\xampp\htdocs\Leapcol\system\CodeIgniter.php(354): CodeIgniter\CodeIgniter->handleRequest(NULL, Object(Config\Cache), false)
#8 C:\xampp\htdocs\Leapcol\system\Boot.php(363): CodeIgniter\CodeIgniter->run()
#9 C:\xampp\htdocs\Leapcol\system\Boot.php(68): CodeIgniter\Boot::runCodeIgniter(Object(CodeIgniter\CodeIgniter))
#10 C:\xampp\htdocs\Leapcol\public\index.php(59): CodeIgniter\Boot::bootWeb(Object(Config\Paths))
#11 {main}
ERROR - 2025-11-27 06:00:57 --> Email: Unable to send email using PHP mail(). Your server might not be configured to send mail using this method.
ERROR - 2025-11-27 06:00:57 --> 
CRITICAL - 2025-11-27 08:42:11 --> ParseError: syntax error, unexpected end of file
[Method: GET, Route: productos]
in APPPATH\Views\productos\index.php on line 375.
 1 SYSTEMPATH\View\View.php(229): CodeIgniter\View\View->CodeIgniter\View\{closure}()
 2 SYSTEMPATH\Common.php(1167): CodeIgniter\View\View->render('productos/index', [], true)
 3 APPPATH\Controllers\Productos.php(27): view('productos/index', [...])
 4 SYSTEMPATH\CodeIgniter.php(933): App\Controllers\Productos->index()
 5 SYSTEMPATH\CodeIgniter.php(507): CodeIgniter\CodeIgniter->runController(Object(App\Controllers\Productos))
 6 SYSTEMPATH\CodeIgniter.php(354): CodeIgniter\CodeIgniter->handleRequest(null, Object(Config\Cache), false)
 7 SYSTEMPATH\Boot.php(363): CodeIgniter\CodeIgniter->run()
 8 SYSTEMPATH\Boot.php(68): CodeIgniter\Boot::runCodeIgniter(Object(CodeIgniter\CodeIgniter))
 9 FCPATH\index.php(59): CodeIgniter\Boot::bootWeb(Object(Config\Paths))
