CRITICAL - 2025-11-25 07:12:24 --> CodeIgniter\View\Exceptions\ViewException: Invalid file: "sobre_nosotros/index.php"
[Method: GET, Route: sobre-nosotros]
in SYSTEMPATH\Exceptions\FrameworkException.php on line 39.
 1 SYSTEMPATH\View\View.php(214): CodeIgniter\Exceptions\FrameworkException::forInvalidFile('sobre_nosotros/index.php')
 2 SYSTEMPATH\Common.php(1167): CodeIgniter\View\View->render('sobre_nosotros/index', [], true)
 3 APPPATH\Controllers\SobreNosotros.php(10): view('sobre_nosotros/index', [...])
 4 SYSTEMPATH\CodeIgniter.php(933): App\Controllers\SobreNosotros->index()
 5 SYSTEMPATH\CodeIgniter.php(507): CodeIgniter\CodeIgniter->runController(Object(App\Controllers\SobreNosotros))
 6 SYSTEMPATH\CodeIgniter.php(354): CodeIgniter\CodeIgniter->handleRequest(null, Object(Config\Cache), false)
 7 SYSTEMPATH\Boot.php(363): CodeIgniter\CodeIgniter->run()
 8 SYSTEMPATH\Boot.php(68): CodeIgniter\Boot::runCodeIgniter(Object(CodeIgniter\CodeIgniter))
 9 FCPATH\index.php(59): CodeIgniter\Boot::bootWeb(Object(Config\Paths))
CRITICAL - 2025-11-25 07:26:57 --> CodeIgniter\View\Exceptions\ViewException: Invalid file: "sobre_nosotros/index.php"
[Method: GET, Route: sobre-nosotros]
in SYSTEMPATH\Exceptions\FrameworkException.php on line 39.
 1 SYSTEMPATH\View\View.php(214): CodeIgniter\Exceptions\FrameworkException::forInvalidFile('sobre_nosotros/index.php')
 2 SYSTEMPATH\Common.php(1167): CodeIgniter\View\View->render('sobre_nosotros/index', [], true)
 3 APPPATH\Controllers\SobreNosotros.php(10): view('sobre_nosotros/index', [...])
 4 SYSTEMPATH\CodeIgniter.php(933): App\Controllers\SobreNosotros->index()
 5 SYSTEMPATH\CodeIgniter.php(507): CodeIgniter\CodeIgniter->runController(Object(App\Controllers\SobreNosotros))
 6 SYSTEMPATH\CodeIgniter.php(354): CodeIgniter\CodeIgniter->handleRequest(null, Object(Config\Cache), false)
 7 SYSTEMPATH\Boot.php(363): CodeIgniter\CodeIgniter->run()
 8 SYSTEMPATH\Boot.php(68): CodeIgniter\Boot::runCodeIgniter(Object(CodeIgniter\CodeIgniter))
 9 FCPATH\index.php(59): CodeIgniter\Boot::bootWeb(Object(Config\Paths))
