CRITICAL - 2026-01-04 01:12:02 --> ErrorException: Undefined array key "nombre"
[Method: GET, Route: inventario/dashboard]
in APPPATH\Views\sistemas\Inventario\dashboard.php on line 11.
 1 APPPATH\Views\sistemas\Inventario\dashboard.php(11): CodeIgniter\Debug\Exceptions->errorHandler(2, 'Undefined array key "nombre"', 'C:\\laragon\\www\\Leapcol\\app\\Views\\sistemas\\Inventario\\dashboard.php', 11)
 2 SYSTEMPATH\View\View.php(226): include('C:\\laragon\\www\\Leapcol\\app\\Views\\sistemas\\Inventario\\dashboard.php')
 3 SYSTEMPATH\View\View.php(229): CodeIgniter\View\View->CodeIgniter\View\{closure}()
 4 SYSTEMPATH\Common.php(1167): CodeIgniter\View\View->render('sistemas/Inventario/dashboard', [], true)
 5 APPPATH\Controllers\Sistemas\InventarioController.php(81): view('sistemas/Inventario/dashboard', [...])
 6 SYSTEMPATH\CodeIgniter.php(933): App\Controllers\Sistemas\InventarioController->dashboard()
 7 SYSTEMPATH\CodeIgniter.php(507): CodeIgniter\CodeIgniter->runController(Object(App\Controllers\Sistemas\InventarioController))
 8 SYSTEMPATH\CodeIgniter.php(354): CodeIgniter\CodeIgniter->handleRequest(null, Object(Config\Cache), false)
 9 SYSTEMPATH\Boot.php(363): CodeIgniter\CodeIgniter->run()
10 SYSTEMPATH\Boot.php(68): CodeIgniter\Boot::runCodeIgniter(Object(CodeIgniter\CodeIgniter))
11 FCPATH\index.php(59): CodeIgniter\Boot::bootWeb(Object(Config\Paths))
ERROR - 2026-01-04 01:13:03 --> mysqli_sql_exception: Column 'estado' in where clause is ambiguous in C:\laragon\www\Leapcol\system\Database\MySQLi\Connection.php:327
Stack trace:
#0 C:\laragon\www\Leapcol\system\Database\MySQLi\Connection.php(327): mysqli->query('SELECT `pruebas...', 0)
#1 C:\laragon\www\Leapcol\system\Database\BaseConnection.php(729): CodeIgniter\Database\MySQLi\Connection->execute('SELECT `pruebas...')
#2 C:\laragon\www\Leapcol\system\Database\BaseConnection.php(646): CodeIgniter\Database\BaseConnection->simpleQuery('SELECT `pruebas...')
#3 C:\laragon\www\Leapcol\system\Database\BaseBuilder.php(1649): CodeIgniter\Database\BaseConnection->query('SELECT `pruebas...', Array, false)
#4 C:\laragon\www\Leapcol\system\Model.php(286): CodeIgniter\Database\BaseBuilder->get()
#5 C:\laragon\www\Leapcol\system\BaseModel.php(677): CodeIgniter\Model->doFindAll(0, 0)
#6 C:\laragon\www\Leapcol\app\Controllers\ClienteController.php(23): CodeIgniter\BaseModel->findAll()
#7 C:\laragon\www\Leapcol\system\CodeIgniter.php(933): App\Controllers\ClienteController->dashboard()
#8 C:\laragon\www\Leapcol\system\CodeIgniter.php(507): CodeIgniter\CodeIgniter->runController(Object(App\Controllers\ClienteController))
#9 C:\laragon\www\Leapcol\system\CodeIgniter.php(354): CodeIgniter\CodeIgniter->handleRequest(NULL, Object(Config\Cache), false)
#10 C:\laragon\www\Leapcol\system\Boot.php(363): CodeIgniter\CodeIgniter->run()
#11 C:\laragon\www\Leapcol\system\Boot.php(68): CodeIgniter\Boot::runCodeIgniter(Object(CodeIgniter\CodeIgniter))
#12 C:\laragon\www\Leapcol\public\index.php(59): CodeIgniter\Boot::bootWeb(Object(Config\Paths))
#13 {main}
CRITICAL - 2026-01-04 01:13:03 --> CodeIgniter\Database\Exceptions\DatabaseException: Column 'estado' in where clause is ambiguous
[Method: GET, Route: cliente/dashboard]
in SYSTEMPATH\Database\BaseConnection.php on line 684.
 1 SYSTEMPATH\Database\BaseBuilder.php(1649): CodeIgniter\Database\BaseConnection->query('SELECT `pruebas_gratis`.*, `productos`.`nombre` as `nombre_producto`, `productos`.`imagen_principal`
FROM `pruebas_gratis`
JOIN `productos` ON `productos`.`id` = `pruebas_gratis`.`producto_id`
WHERE `user_id` = :user_id:
AND `estado` = :estado:
AND `fecha_expiracion` > :fecha_expiracion:', [...], false)
 2 SYSTEMPATH\Model.php(286): CodeIgniter\Database\BaseBuilder->get()
 3 SYSTEMPATH\BaseModel.php(677): CodeIgniter\Model->doFindAll(0, 0)
 4 APPPATH\Controllers\ClienteController.php(23): CodeIgniter\BaseModel->findAll()
 5 SYSTEMPATH\CodeIgniter.php(933): App\Controllers\ClienteController->dashboard()
 6 SYSTEMPATH\CodeIgniter.php(507): CodeIgniter\CodeIgniter->runController(Object(App\Controllers\ClienteController))
 7 SYSTEMPATH\CodeIgniter.php(354): CodeIgniter\CodeIgniter->handleRequest(null, Object(Config\Cache), false)
 8 SYSTEMPATH\Boot.php(363): CodeIgniter\CodeIgniter->run()
 9 SYSTEMPATH\Boot.php(68): CodeIgniter\Boot::runCodeIgniter(Object(CodeIgniter\CodeIgniter))
10 FCPATH\index.php(59): CodeIgniter\Boot::bootWeb(Object(Config\Paths))
CRITICAL - 2026-01-04 01:13:03 --> [Caused by] CodeIgniter\Database\Exceptions\DatabaseException: Column 'estado' in where clause is ambiguous
in SYSTEMPATH\Database\MySQLi\Connection.php on line 332.
 1 SYSTEMPATH\Database\BaseConnection.php(729): CodeIgniter\Database\MySQLi\Connection->execute('SELECT `pruebas_gratis`.*, `productos`.`nombre` as `nombre_producto`, `productos`.`imagen_principal`
FROM `pruebas_gratis`
JOIN `productos` ON `productos`.`id` = `pruebas_gratis`.`producto_id`
WHERE `user_id` = \'2\'
AND `estado` = \'activa\'
AND `fecha_expiracion` > \'2026-01-04 01:13:03\'')
 2 SYSTEMPATH\Database\BaseConnection.php(646): CodeIgniter\Database\BaseConnection->simpleQuery('SELECT `pruebas_gratis`.*, `productos`.`nombre` as `nombre_producto`, `productos`.`imagen_principal`
FROM `pruebas_gratis`
JOIN `productos` ON `productos`.`id` = `pruebas_gratis`.`producto_id`
WHERE `user_id` = \'2\'
AND `estado` = \'activa\'
AND `fecha_expiracion` > \'2026-01-04 01:13:03\'')
 3 SYSTEMPATH\Database\BaseBuilder.php(1649): CodeIgniter\Database\BaseConnection->query('SELECT `pruebas_gratis`.*, `productos`.`nombre` as `nombre_producto`, `productos`.`imagen_principal`
FROM `pruebas_gratis`
JOIN `productos` ON `productos`.`id` = `pruebas_gratis`.`producto_id`
WHERE `user_id` = :user_id:
AND `estado` = :estado:
AND `fecha_expiracion` > :fecha_expiracion:', [...], false)
 4 SYSTEMPATH\Model.php(286): CodeIgniter\Database\BaseBuilder->get()
 5 SYSTEMPATH\BaseModel.php(677): CodeIgniter\Model->doFindAll(0, 0)
 6 APPPATH\Controllers\ClienteController.php(23): CodeIgniter\BaseModel->findAll()
 7 SYSTEMPATH\CodeIgniter.php(933): App\Controllers\ClienteController->dashboard()
 8 SYSTEMPATH\CodeIgniter.php(507): CodeIgniter\CodeIgniter->runController(Object(App\Controllers\ClienteController))
 9 SYSTEMPATH\CodeIgniter.php(354): CodeIgniter\CodeIgniter->handleRequest(null, Object(Config\Cache), false)
10 SYSTEMPATH\Boot.php(363): CodeIgniter\CodeIgniter->run()
11 SYSTEMPATH\Boot.php(68): CodeIgniter\Boot::runCodeIgniter(Object(CodeIgniter\CodeIgniter))
12 FCPATH\index.php(59): CodeIgniter\Boot::bootWeb(Object(Config\Paths))
CRITICAL - 2026-01-04 01:13:03 --> [Caused by] mysqli_sql_exception: Column 'estado' in where clause is ambiguous
in SYSTEMPATH\Database\MySQLi\Connection.php on line 327.
 1 SYSTEMPATH\Database\MySQLi\Connection.php(327): mysqli->query('SELECT `pruebas_gratis`.*, `productos`.`nombre` as `nombre_producto`, `productos`.`imagen_principal`
FROM `pruebas_gratis`
JOIN `productos` ON `productos`.`id` = `pruebas_gratis`.`producto_id`
WHERE `user_id` = \'2\'
AND `estado` = \'activa\'
AND `fecha_expiracion` > \'2026-01-04 01:13:03\'', 0)
 2 SYSTEMPATH\Database\BaseConnection.php(729): CodeIgniter\Database\MySQLi\Connection->execute('SELECT `pruebas_gratis`.*, `productos`.`nombre` as `nombre_producto`, `productos`.`imagen_principal`
FROM `pruebas_gratis`
JOIN `productos` ON `productos`.`id` = `pruebas_gratis`.`producto_id`
WHERE `user_id` = \'2\'
AND `estado` = \'activa\'
AND `fecha_expiracion` > \'2026-01-04 01:13:03\'')
 3 SYSTEMPATH\Database\BaseConnection.php(646): CodeIgniter\Database\BaseConnection->simpleQuery('SELECT `pruebas_gratis`.*, `productos`.`nombre` as `nombre_producto`, `productos`.`imagen_principal`
FROM `pruebas_gratis`
JOIN `productos` ON `productos`.`id` = `pruebas_gratis`.`producto_id`
WHERE `user_id` = \'2\'
AND `estado` = \'activa\'
AND `fecha_expiracion` > \'2026-01-04 01:13:03\'')
 4 SYSTEMPATH\Database\BaseBuilder.php(1649): CodeIgniter\Database\BaseConnection->query('SELECT `pruebas_gratis`.*, `productos`.`nombre` as `nombre_producto`, `productos`.`imagen_principal`
FROM `pruebas_gratis`
JOIN `productos` ON `productos`.`id` = `pruebas_gratis`.`producto_id`
WHERE `user_id` = :user_id:
AND `estado` = :estado:
AND `fecha_expiracion` > :fecha_expiracion:', [...], false)
 5 SYSTEMPATH\Model.php(286): CodeIgniter\Database\BaseBuilder->get()
 6 SYSTEMPATH\BaseModel.php(677): CodeIgniter\Model->doFindAll(0, 0)
 7 APPPATH\Controllers\ClienteController.php(23): CodeIgniter\BaseModel->findAll()
 8 SYSTEMPATH\CodeIgniter.php(933): App\Controllers\ClienteController->dashboard()
 9 SYSTEMPATH\CodeIgniter.php(507): CodeIgniter\CodeIgniter->runController(Object(App\Controllers\ClienteController))
10 SYSTEMPATH\CodeIgniter.php(354): CodeIgniter\CodeIgniter->handleRequest(null, Object(Config\Cache), false)
11 SYSTEMPATH\Boot.php(363): CodeIgniter\CodeIgniter->run()
12 SYSTEMPATH\Boot.php(68): CodeIgniter\Boot::runCodeIgniter(Object(CodeIgniter\CodeIgniter))
13 FCPATH\index.php(59): CodeIgniter\Boot::bootWeb(Object(Config\Paths))
ERROR - 2026-01-04 01:13:07 --> mysqli_sql_exception: Column 'estado' in where clause is ambiguous in C:\laragon\www\Leapcol\system\Database\MySQLi\Connection.php:327
Stack trace:
#0 C:\laragon\www\Leapcol\system\Database\MySQLi\Connection.php(327): mysqli->query('SELECT `pruebas...', 0)
#1 C:\laragon\www\Leapcol\system\Database\BaseConnection.php(729): CodeIgniter\Database\MySQLi\Connection->execute('SELECT `pruebas...')
#2 C:\laragon\www\Leapcol\system\Database\BaseConnection.php(646): CodeIgniter\Database\BaseConnection->simpleQuery('SELECT `pruebas...')
#3 C:\laragon\www\Leapcol\system\Database\BaseBuilder.php(1649): CodeIgniter\Database\BaseConnection->query('SELECT `pruebas...', Array, false)
#4 C:\laragon\www\Leapcol\system\Model.php(286): CodeIgniter\Database\BaseBuilder->get()
#5 C:\laragon\www\Leapcol\system\BaseModel.php(677): CodeIgniter\Model->doFindAll(0, 0)
#6 C:\laragon\www\Leapcol\app\Controllers\ClienteController.php(23): CodeIgniter\BaseModel->findAll()
#7 C:\laragon\www\Leapcol\system\CodeIgniter.php(933): App\Controllers\ClienteController->dashboard()
#8 C:\laragon\www\Leapcol\system\CodeIgniter.php(507): CodeIgniter\CodeIgniter->runController(Object(App\Controllers\ClienteController))
#9 C:\laragon\www\Leapcol\system\CodeIgniter.php(354): CodeIgniter\CodeIgniter->handleRequest(NULL, Object(Config\Cache), false)
#10 C:\laragon\www\Leapcol\system\Boot.php(363): CodeIgniter\CodeIgniter->run()
#11 C:\laragon\www\Leapcol\system\Boot.php(68): CodeIgniter\Boot::runCodeIgniter(Object(CodeIgniter\CodeIgniter))
#12 C:\laragon\www\Leapcol\public\index.php(59): CodeIgniter\Boot::bootWeb(Object(Config\Paths))
#13 {main}
CRITICAL - 2026-01-04 01:13:07 --> CodeIgniter\Database\Exceptions\DatabaseException: Column 'estado' in where clause is ambiguous
[Method: GET, Route: cliente/dashboard]
in SYSTEMPATH\Database\BaseConnection.php on line 684.
 1 SYSTEMPATH\Database\BaseBuilder.php(1649): CodeIgniter\Database\BaseConnection->query('SELECT `pruebas_gratis`.*, `productos`.`nombre` as `nombre_producto`, `productos`.`imagen_principal`
FROM `pruebas_gratis`
JOIN `productos` ON `productos`.`id` = `pruebas_gratis`.`producto_id`
WHERE `user_id` = :user_id:
AND `estado` = :estado:
AND `fecha_expiracion` > :fecha_expiracion:', [...], false)
 2 SYSTEMPATH\Model.php(286): CodeIgniter\Database\BaseBuilder->get()
 3 SYSTEMPATH\BaseModel.php(677): CodeIgniter\Model->doFindAll(0, 0)
 4 APPPATH\Controllers\ClienteController.php(23): CodeIgniter\BaseModel->findAll()
 5 SYSTEMPATH\CodeIgniter.php(933): App\Controllers\ClienteController->dashboard()
 6 SYSTEMPATH\CodeIgniter.php(507): CodeIgniter\CodeIgniter->runController(Object(App\Controllers\ClienteController))
 7 SYSTEMPATH\CodeIgniter.php(354): CodeIgniter\CodeIgniter->handleRequest(null, Object(Config\Cache), false)
 8 SYSTEMPATH\Boot.php(363): CodeIgniter\CodeIgniter->run()
 9 SYSTEMPATH\Boot.php(68): CodeIgniter\Boot::runCodeIgniter(Object(CodeIgniter\CodeIgniter))
10 FCPATH\index.php(59): CodeIgniter\Boot::bootWeb(Object(Config\Paths))
CRITICAL - 2026-01-04 01:13:07 --> [Caused by] CodeIgniter\Database\Exceptions\DatabaseException: Column 'estado' in where clause is ambiguous
in SYSTEMPATH\Database\MySQLi\Connection.php on line 332.
 1 SYSTEMPATH\Database\BaseConnection.php(729): CodeIgniter\Database\MySQLi\Connection->execute('SELECT `pruebas_gratis`.*, `productos`.`nombre` as `nombre_producto`, `productos`.`imagen_principal`
FROM `pruebas_gratis`
JOIN `productos` ON `productos`.`id` = `pruebas_gratis`.`producto_id`
WHERE `user_id` = \'2\'
AND `estado` = \'activa\'
AND `fecha_expiracion` > \'2026-01-04 01:13:07\'')
 2 SYSTEMPATH\Database\BaseConnection.php(646): CodeIgniter\Database\BaseConnection->simpleQuery('SELECT `pruebas_gratis`.*, `productos`.`nombre` as `nombre_producto`, `productos`.`imagen_principal`
FROM `pruebas_gratis`
JOIN `productos` ON `productos`.`id` = `pruebas_gratis`.`producto_id`
WHERE `user_id` = \'2\'
AND `estado` = \'activa\'
AND `fecha_expiracion` > \'2026-01-04 01:13:07\'')
 3 SYSTEMPATH\Database\BaseBuilder.php(1649): CodeIgniter\Database\BaseConnection->query('SELECT `pruebas_gratis`.*, `productos`.`nombre` as `nombre_producto`, `productos`.`imagen_principal`
FROM `pruebas_gratis`
JOIN `productos` ON `productos`.`id` = `pruebas_gratis`.`producto_id`
WHERE `user_id` = :user_id:
AND `estado` = :estado:
AND `fecha_expiracion` > :fecha_expiracion:', [...], false)
 4 SYSTEMPATH\Model.php(286): CodeIgniter\Database\BaseBuilder->get()
 5 SYSTEMPATH\BaseModel.php(677): CodeIgniter\Model->doFindAll(0, 0)
 6 APPPATH\Controllers\ClienteController.php(23): CodeIgniter\BaseModel->findAll()
 7 SYSTEMPATH\CodeIgniter.php(933): App\Controllers\ClienteController->dashboard()
 8 SYSTEMPATH\CodeIgniter.php(507): CodeIgniter\CodeIgniter->runController(Object(App\Controllers\ClienteController))
 9 SYSTEMPATH\CodeIgniter.php(354): CodeIgniter\CodeIgniter->handleRequest(null, Object(Config\Cache), false)
10 SYSTEMPATH\Boot.php(363): CodeIgniter\CodeIgniter->run()
11 SYSTEMPATH\Boot.php(68): CodeIgniter\Boot::runCodeIgniter(Object(CodeIgniter\CodeIgniter))
12 FCPATH\index.php(59): CodeIgniter\Boot::bootWeb(Object(Config\Paths))
CRITICAL - 2026-01-04 01:13:07 --> [Caused by] mysqli_sql_exception: Column 'estado' in where clause is ambiguous
in SYSTEMPATH\Database\MySQLi\Connection.php on line 327.
 1 SYSTEMPATH\Database\MySQLi\Connection.php(327): mysqli->query('SELECT `pruebas_gratis`.*, `productos`.`nombre` as `nombre_producto`, `productos`.`imagen_principal`
FROM `pruebas_gratis`
JOIN `productos` ON `productos`.`id` = `pruebas_gratis`.`producto_id`
WHERE `user_id` = \'2\'
AND `estado` = \'activa\'
AND `fecha_expiracion` > \'2026-01-04 01:13:07\'', 0)
 2 SYSTEMPATH\Database\BaseConnection.php(729): CodeIgniter\Database\MySQLi\Connection->execute('SELECT `pruebas_gratis`.*, `productos`.`nombre` as `nombre_producto`, `productos`.`imagen_principal`
FROM `pruebas_gratis`
JOIN `productos` ON `productos`.`id` = `pruebas_gratis`.`producto_id`
WHERE `user_id` = \'2\'
AND `estado` = \'activa\'
AND `fecha_expiracion` > \'2026-01-04 01:13:07\'')
 3 SYSTEMPATH\Database\BaseConnection.php(646): CodeIgniter\Database\BaseConnection->simpleQuery('SELECT `pruebas_gratis`.*, `productos`.`nombre` as `nombre_producto`, `productos`.`imagen_principal`
FROM `pruebas_gratis`
JOIN `productos` ON `productos`.`id` = `pruebas_gratis`.`producto_id`
WHERE `user_id` = \'2\'
AND `estado` = \'activa\'
AND `fecha_expiracion` > \'2026-01-04 01:13:07\'')
 4 SYSTEMPATH\Database\BaseBuilder.php(1649): CodeIgniter\Database\BaseConnection->query('SELECT `pruebas_gratis`.*, `productos`.`nombre` as `nombre_producto`, `productos`.`imagen_principal`
FROM `pruebas_gratis`
JOIN `productos` ON `productos`.`id` = `pruebas_gratis`.`producto_id`
WHERE `user_id` = :user_id:
AND `estado` = :estado:
AND `fecha_expiracion` > :fecha_expiracion:', [...], false)
 5 SYSTEMPATH\Model.php(286): CodeIgniter\Database\BaseBuilder->get()
 6 SYSTEMPATH\BaseModel.php(677): CodeIgniter\Model->doFindAll(0, 0)
 7 APPPATH\Controllers\ClienteController.php(23): CodeIgniter\BaseModel->findAll()
 8 SYSTEMPATH\CodeIgniter.php(933): App\Controllers\ClienteController->dashboard()
 9 SYSTEMPATH\CodeIgniter.php(507): CodeIgniter\CodeIgniter->runController(Object(App\Controllers\ClienteController))
10 SYSTEMPATH\CodeIgniter.php(354): CodeIgniter\CodeIgniter->handleRequest(null, Object(Config\Cache), false)
11 SYSTEMPATH\Boot.php(363): CodeIgniter\CodeIgniter->run()
12 SYSTEMPATH\Boot.php(68): CodeIgniter\Boot::runCodeIgniter(Object(CodeIgniter\CodeIgniter))
13 FCPATH\index.php(59): CodeIgniter\Boot::bootWeb(Object(Config\Paths))
